<?xml version="1.0" encoding="UTF-8"?>
<testsuite name="PasswordIsValidTest" tests="1" skipped="0" failures="0" errors="0" timestamp="2020-01-15T10:57:38" hostname="ngwako-Inspiron-15-3567" time="0.013">
  <properties/>
  <testcase name="passwordIsOkay()" classname="PasswordIsValidTest" time="0.013"/>
  <system-out><![CDATA[]]></system-out>
  <system-err><![CDATA[]]></system-err>
</testsuite>
